Determining if the pthread_create exist failed with the following output:
Change Dir: /home/yangyuhuan/文档/raft_yyh/cmake-build-debug/CMakeFiles/CMakeTmp

Run Build Command:"/usr/bin/make" "cmTC_edf28/fast"
/usr/bin/make -f CMakeFiles/cmTC_edf28.dir/build.make CMakeFiles/cmTC_edf28.dir/build
make[1]: 进入目录“/home/yangyuhuan/文档/raft_yyh/cmake-build-debug/CMakeFiles/CMakeTmp”
Building C object CMakeFiles/cmTC_edf28.dir/CheckSymbolExists.c.o
/usr/bin/cc    -o CMakeFiles/cmTC_edf28.dir/CheckSymbolExists.c.o   -c /home/yangyuhuan/文档/raft_yyh/cmake-build-debug/CMakeFiles/CMakeTmp/CheckSymbolExists.c
Linking C executable cmTC_edf28
/snap/clion/34/bin/cmake/linux/bin/cmake -E cmake_link_script CMakeFiles/cmTC_edf28.dir/link.txt --verbose=1
/usr/bin/cc      CMakeFiles/cmTC_edf28.dir/CheckSymbolExists.c.o  -o cmTC_edf28 
CMakeFiles/cmTC_edf28.dir/CheckSymbolExists.c.o：在函数‘main’中：
CheckSymbolExists.c:(.text+0x1b)：对‘pthread_create’未定义的引用
collect2: error: ld returned 1 exit status
CMakeFiles/cmTC_edf28.dir/build.make:86: recipe for target 'cmTC_edf28' failed
make[1]: *** [cmTC_edf28] Error 1
make[1]: 离开目录“/home/yangyuhuan/文档/raft_yyh/cmake-build-debug/CMakeFiles/CMakeTmp”
Makefile:121: recipe for target 'cmTC_edf28/fast' failed
make: *** [cmTC_edf28/fast] Error 2

File /home/yangyuhuan/文档/raft_yyh/cmake-build-debug/CMakeFiles/CMakeTmp/CheckSymbolExists.c:
/* */
#include <pthread.h>

int main(int argc, char** argv)
{
  (void)argv;
#ifndef pthread_create
  return ((int*)(&pthread_create))[argc];
#else
  (void)argc;
  return 0;
#endif
}

Determining if the function pthread_create exists in the pthreads failed with the following output:
Change Dir: /home/yangyuhuan/文档/raft_yyh/cmake-build-debug/CMakeFiles/CMakeTmp

Run Build Command:"/usr/bin/make" "cmTC_4f017/fast"
/usr/bin/make -f CMakeFiles/cmTC_4f017.dir/build.make CMakeFiles/cmTC_4f017.dir/build
make[1]: 进入目录“/home/yangyuhuan/文档/raft_yyh/cmake-build-debug/CMakeFiles/CMakeTmp”
Building C object CMakeFiles/cmTC_4f017.dir/CheckFunctionExists.c.o
/usr/bin/cc   -DCHECK_FUNCTION_EXISTS=pthread_create   -o CMakeFiles/cmTC_4f017.dir/CheckFunctionExists.c.o   -c /snap/clion/34/bin/cmake/linux/share/cmake-3.12/Modules/CheckFunctionExists.c
Linking C executable cmTC_4f017
/snap/clion/34/bin/cmake/linux/bin/cmake -E cmake_link_script CMakeFiles/cmTC_4f017.dir/link.txt --verbose=1
/usr/bin/cc  -DCHECK_FUNCTION_EXISTS=pthread_create    CMakeFiles/cmTC_4f017.dir/CheckFunctionExists.c.o  -o cmTC_4f017 -lpthreads 
/usr/bin/x86_64-linux-gnu-ld: 找不到 -lpthreads
collect2: error: ld returned 1 exit status
CMakeFiles/cmTC_4f017.dir/build.make:86: recipe for target 'cmTC_4f017' failed
make[1]: *** [cmTC_4f017] Error 1
make[1]: 离开目录“/home/yangyuhuan/文档/raft_yyh/cmake-build-debug/CMakeFiles/CMakeTmp”
Makefile:121: recipe for target 'cmTC_4f017/fast' failed
make: *** [cmTC_4f017/fast] Error 2


